[0506/201311.576:ERROR:browser_host_impl.cc(234)] Creating a windowless browser without setting CefSettings.windowless_rendering_enabled may result in reduced performance or runtime errors.
[0506/201311.577:ERROR:context.cc(211)] The cache_path directory (C:\Users\poonpand\OneDrive - Capgemini\Documents\FortiveProcesses\ASP\cache\path1) is not a child of the root_cache_path directory (C:\Users\poonpand\AppData\Local\Temp\BPM2\CefSharpCache)
[0506/201311.577:ERROR:context.cc(235)] The cache_path is invalid. Defaulting to in-memory storage.
[0506/201317.617:INFO:CONSOLE(4)] "MessageSend:: <<FrontEnd>> AuthenticationService.isAuthenticated() > hasToken: false", source: https://eastus-ep-modeler-prd.azureedge.net/authentication.370b06df02c311080477.js (4)
[0506/201319.692:INFO:CONSOLE(4)] "MessageSend:: <<FrontEnd>> desktop-data.service >> DesktopData.external >> ["authentication","openProxySettings","setProxySettings","openSupportLink","reloadPage","getUserEmail","executeAction","close","openLink","setWindowSize","isAlphaEnvironment","registryLogsMessages","equals","getHashCode","toString"]", source: https://eastus-ep-modeler-prd.azureedge.net/authentication.370b06df02c311080477.js (4)
[0506/201319.696:INFO:CONSOLE(4)] "MessageSend:: <<FrontEnd>> desktop-data.service >> DesktopData.replaceCurrentURLAuthenticationCalled: True", source: https://eastus-ep-modeler-prd.azureedge.net/authentication.370b06df02c311080477.js (4)
[0506/201319.698:INFO:CONSOLE(4)] "MessageSend:: <<FrontEnd>> desktop-data.service >> DesktopData.replaceCurrentURLAuthentication.pathname: /auth", source: https://eastus-ep-modeler-prd.azureedge.net/authentication.370b06df02c311080477.js (4)
[0506/201319.699:INFO:CONSOLE(4)] "MessageSend:: <<FrontEnd>> desktop-data.service >> DesktopData.replaceCurrentURLAuthentication.URLWindow.href: https://model.bizagi.com/auth?isModeler=true&lang=en&guid=b58d947b-20fd-4196-8b9b-4db98d0afcfc&r=638506231957681285", source: https://eastus-ep-modeler-prd.azureedge.net/authentication.370b06df02c311080477.js (4)
[0506/201319.700:INFO:CONSOLE(4)] "MessageSend:: <<FrontEnd>> desktop-data.service >> DesktopData.replaceCurrentURLAuthentication() > return: False", source: https://eastus-ep-modeler-prd.azureedge.net/authentication.370b06df02c311080477.js (4)
[0506/201319.702:INFO:CONSOLE(4)] "MessageSend:: <<FrontEnd>>  AuthenticationService.replaceCurrentURLAuthenticationCalled: True", source: https://eastus-ep-modeler-prd.azureedge.net/authentication.370b06df02c311080477.js (4)
[0506/201319.703:INFO:CONSOLE(4)] "MessageSend:: <<FrontEnd>> AuthenticationService.authenticateWithOauthClient() >> tokenManagerService.getDesktopToken(): called > true", source: https://eastus-ep-modeler-prd.azureedge.net/authentication.370b06df02c311080477.js (4)
[0506/201319.704:INFO:CONSOLE(4)] "MessageSend:: <<FronEnd>> TokenManagerService.getDesktopToken::desktopData.getCredentials() >> Called: true", source: https://eastus-ep-modeler-prd.azureedge.net/authentication.370b06df02c311080477.js (4)
[0506/201319.706:INFO:CONSOLE(4)] "MessageSend:: <<FronEnd>> TokenManagerService.getDesktopToken():: Return >> "null or empty"", source: https://eastus-ep-modeler-prd.azureedge.net/authentication.370b06df02c311080477.js (4)
[0506/201319.876:INFO:CONSOLE(4)] "MessageSend:: <<FrontEnd>> AuthenticationService.authenticateWithOauthClient() >> oAuthService.initAndLogin()<Promise> : called > true", source: https://eastus-ep-modeler-prd.azureedge.net/authentication.370b06df02c311080477.js (4)
[0506/201319.876:INFO:CONSOLE(4)] "MessageSend:: <<FrontEnd>> AuthenticationService.authenticateWithOauthClient() >> oAuthService.getAccessToken() : called > true", source: https://eastus-ep-modeler-prd.azureedge.net/authentication.370b06df02c311080477.js (4)
[0506/201319.877:INFO:CONSOLE(4)] "MessageSend:: <<FrontEnd>> AuthenticationService.authenticateWithOauthClient() >> oAuthService.getAccessToken() : return > "Token null o empty"", source: https://eastus-ep-modeler-prd.azureedge.net/authentication.370b06df02c311080477.js (4)
[0506/201319.877:INFO:CONSOLE(4)] "MessageSend:: <<FrontEnd>> AuthenticationService.isAuthenticated.authenticateWithOauthClient: Called: True", source: https://eastus-ep-modeler-prd.azureedge.net/authentication.370b06df02c311080477.js (4)
[0506/201319.877:INFO:CONSOLE(4)] "MessageSend:: <<FrontEnd>> AuthenticationService.isAuthenticated() > return: True", source: https://eastus-ep-modeler-prd.azureedge.net/authentication.370b06df02c311080477.js (4)
[0506/201323.078:INFO:CONSOLE(1)] "Preflight request for request with keepalive specified is currently not supported", source: https://accounts.bizagi.com/2024_2_26__23_10_22/polyfills.js (1)
[0506/201325.036:INFO:CONSOLE(1)] "Preflight request for request with keepalive specified is currently not supported", source: https://accounts.bizagi.com/2024_2_26__23_10_22/polyfills.js (1)
[0506/201334.555:ERROR:browser_host_impl.cc(234)] Creating a windowless browser without setting CefSettings.windowless_rendering_enabled may result in reduced performance or runtime errors.
[0506/201334.555:ERROR:context.cc(211)] The cache_path directory (C:\Users\poonpand\OneDrive - Capgemini\Documents\FortiveProcesses\ASP\cache\path1) is not a child of the root_cache_path directory (C:\Users\poonpand\AppData\Local\Temp\BPM2\CefSharpCache)
[0506/201334.555:ERROR:context.cc(235)] The cache_path is invalid. Defaulting to in-memory storage.
[0506/201334.856:INFO:CONSOLE(5)] "ERROR TypeError: Cannot read property 'subscriptionType' of undefined", source: file:///C:/Program%20Files/Bizagi/Bizagi%20Modeler/ModelExplorer/model-explorer.js (5)
[0507/011155.710:WARNING:dns_config_service_win.cc(700)] Failed to read DnsConfig.
[0507/011155.737:WARNING:dns_config_service_win.cc(700)] Failed to read DnsConfig.
[0507/011159.466:WARNING:dns_config_service_win.cc(700)] Failed to read DnsConfig.
[0507/011159.466:WARNING:dns_config_service_win.cc(700)] Failed to read DnsConfig.
[0507/110208.022:WARNING:dns_config_service_win.cc(700)] Failed to read DnsConfig.
[0507/110208.043:WARNING:dns_config_service_win.cc(700)] Failed to read DnsConfig.
[0507/110208.620:WARNING:dns_config_service_win.cc(700)] Failed to read DnsConfig.
[0507/165104.790:WARNING:dns_config_service_win.cc(700)] Failed to read DnsConfig.
[0507/165104.945:WARNING:dns_config_service_win.cc(700)] Failed to read DnsConfig.
[0507/165109.963:WARNING:dns_config_service_win.cc(700)] Failed to read DnsConfig.
[0507/174803.506:WARNING:gpu_process_host.cc(1217)] The GPU process has crashed 1 time(s)
[0507/174803.531:ERROR:network_service_instance_impl.cc(262)] Network service crashed, restarting service.
[0507/174804.403:WARNING:gpu_process_host.cc(1217)] The GPU process has crashed 2 time(s)
[0507/174804.413:ERROR:network_service_instance_impl.cc(262)] Network service crashed, restarting service.
[0507/174804.676:ERROR:network_service_instance_impl.cc(262)] Network service crashed, restarting service.
[0507/174804.787:WARNING:gpu_process_host.cc(1217)] The GPU process has crashed 3 time(s)
[0507/174804.879:ERROR:network_service_instance_impl.cc(262)] Network service crashed, restarting service.
[0507/174805.031:ERROR:network_service_instance_impl.cc(262)] Network service crashed, restarting service.
[0507/174805.149:ERROR:network_service_instance_impl.cc(262)] Network service crashed, restarting service.
[0507/174805.280:ERROR:network_service_instance_impl.cc(262)] Network service crashed, restarting service.
[0507/174805.403:ERROR:network_service_instance_impl.cc(262)] Network service crashed, restarting service.
[0507/174805.531:ERROR:network_service_instance_impl.cc(262)] Network service crashed, restarting service.
[0507/174805.692:ERROR:network_service_instance_impl.cc(262)] Network service crashed, restarting service.
[0507/174805.867:ERROR:network_service_instance_impl.cc(262)] Network service crashed, restarting service.
[0507/174805.993:ERROR:network_service_instance_impl.cc(262)] Network service crashed, restarting service.
[0507/174806.113:ERROR:network_service_instance_impl.cc(262)] Network service crashed, restarting service.
[0507/174806.235:ERROR:network_service_instance_impl.cc(262)] Network service crashed, restarting service.
[0507/174806.358:ERROR:network_service_instance_impl.cc(262)] Network service crashed, restarting service.
[0507/174806.447:ERROR:network_service_instance_impl.cc(262)] Network service crashed, restarting service.
[0507/174806.530:ERROR:network_service_instance_impl.cc(262)] Network service crashed, restarting service.
[0507/174806.616:ERROR:network_service_instance_impl.cc(262)] Network service crashed, restarting service.
[0507/174806.709:ERROR:network_service_instance_impl.cc(262)] Network service crashed, restarting service.
[0507/174806.793:ERROR:network_service_instance_impl.cc(262)] Network service crashed, restarting service.
[0507/174806.881:ERROR:network_service_instance_impl.cc(262)] Network service crashed, restarting service.
[0507/174806.962:ERROR:network_service_instance_impl.cc(262)] Network service crashed, restarting service.
[0507/174807.088:ERROR:network_service_instance_impl.cc(262)] Network service crashed, restarting service.
[0507/174807.229:ERROR:network_service_instance_impl.cc(262)] Network service crashed, restarting service.
[0507/174807.371:ERROR:network_service_instance_impl.cc(262)] Network service crashed, restarting service.
[0507/174807.508:ERROR:network_service_instance_impl.cc(262)] Network service crashed, restarting service.
[0507/174807.661:ERROR:network_service_instance_impl.cc(262)] Network service crashed, restarting service.
[0507/174807.808:ERROR:network_service_instance_impl.cc(262)] Network service crashed, restarting service.
[0507/174807.957:ERROR:network_service_instance_impl.cc(262)] Network service crashed, restarting service.
[0507/174808.084:ERROR:network_service_instance_impl.cc(262)] Network service crashed, restarting service.
[0507/174808.232:ERROR:network_service_instance_impl.cc(262)] Network service crashed, restarting service.
[0507/174808.360:ERROR:network_service_instance_impl.cc(262)] Network service crashed, restarting service.
[0507/174808.489:ERROR:network_service_instance_impl.cc(262)] Network service crashed, restarting service.
[0507/174808.722:ERROR:network_service_instance_impl.cc(262)] Network service crashed, restarting service.
[0507/174808.858:ERROR:network_service_instance_impl.cc(262)] Network service crashed, restarting service.
[0507/174808.977:ERROR:network_service_instance_impl.cc(262)] Network service crashed, restarting service.
[0507/174809.117:ERROR:network_service_instance_impl.cc(262)] Network service crashed, restarting service.
[0507/174809.200:ERROR:network_service_instance_impl.cc(262)] Network service crashed, restarting service.
[0507/174809.273:ERROR:network_service_instance_impl.cc(262)] Network service crashed, restarting service.
[0507/174809.350:ERROR:network_service_instance_impl.cc(262)] Network service crashed, restarting service.
[0507/174809.430:ERROR:network_service_instance_impl.cc(262)] Network service crashed, restarting service.
[0507/174809.496:ERROR:network_service_instance_impl.cc(262)] Network service crashed, restarting service.
[0507/174809.567:ERROR:network_service_instance_impl.cc(262)] Network service crashed, restarting service.
[0507/174809.640:ERROR:network_service_instance_impl.cc(262)] Network service crashed, restarting service.
[0507/174809.709:ERROR:network_service_instance_impl.cc(262)] Network service crashed, restarting service.
[0507/174809.780:ERROR:network_service_instance_impl.cc(262)] Network service crashed, restarting service.
[0507/174809.851:ERROR:network_service_instance_impl.cc(262)] Network service crashed, restarting service.
[0507/174809.923:ERROR:network_service_instance_impl.cc(262)] Network service crashed, restarting service.
[0507/174809.998:ERROR:network_service_instance_impl.cc(262)] Network service crashed, restarting service.
[0507/174810.073:ERROR:network_service_instance_impl.cc(262)] Network service crashed, restarting service.
[0507/174810.146:ERROR:network_service_instance_impl.cc(262)] Network service crashed, restarting service.
[0507/174810.223:ERROR:network_service_instance_impl.cc(262)] Network service crashed, restarting service.
[0507/174810.298:ERROR:network_service_instance_impl.cc(262)] Network service crashed, restarting service.
[0507/174810.366:ERROR:network_service_instance_impl.cc(262)] Network service crashed, restarting service.
[0507/174810.438:ERROR:network_service_instance_impl.cc(262)] Network service crashed, restarting service.
[0507/174810.508:ERROR:network_service_instance_impl.cc(262)] Network service crashed, restarting service.
[0507/174810.597:ERROR:network_service_instance_impl.cc(262)] Network service crashed, restarting service.
[0507/174810.670:ERROR:network_service_instance_impl.cc(262)] Network service crashed, restarting service.
[0507/174810.751:ERROR:network_service_instance_impl.cc(262)] Network service crashed, restarting service.
[0507/174810.827:ERROR:network_service_instance_impl.cc(262)] Network service crashed, restarting service.
[0507/174810.901:ERROR:network_service_instance_impl.cc(262)] Network service crashed, restarting service.
[0507/174810.971:ERROR:network_service_instance_impl.cc(262)] Network service crashed, restarting service.
[0507/174811.037:ERROR:network_service_instance_impl.cc(262)] Network service crashed, restarting service.
[0507/174811.103:ERROR:network_service_instance_impl.cc(262)] Network service crashed, restarting service.
[0507/174811.182:ERROR:network_service_instance_impl.cc(262)] Network service crashed, restarting service.
[0507/174811.259:ERROR:network_service_instance_impl.cc(262)] Network service crashed, restarting service.
[0507/174811.331:ERROR:network_service_instance_impl.cc(262)] Network service crashed, restarting service.
[0507/174811.403:ERROR:network_service_instance_impl.cc(262)] Network service crashed, restarting service.
[0507/174811.472:ERROR:network_service_instance_impl.cc(262)] Network service crashed, restarting service.
[0507/174811.541:ERROR:network_service_instance_impl.cc(262)] Network service crashed, restarting service.
[0507/174811.614:ERROR:network_service_instance_impl.cc(262)] Network service crashed, restarting service.
[0507/174811.690:ERROR:network_service_instance_impl.cc(262)] Network service crashed, restarting service.
[0507/174811.773:ERROR:network_service_instance_impl.cc(262)] Network service crashed, restarting service.
[0507/174811.846:ERROR:network_service_instance_impl.cc(262)] Network service crashed, restarting service.
[0507/174811.929:ERROR:network_service_instance_impl.cc(262)] Network service crashed, restarting service.
[0507/174812.011:ERROR:network_service_instance_impl.cc(262)] Network service crashed, restarting service.
[0507/174812.136:ERROR:network_service_instance_impl.cc(262)] Network service crashed, restarting service.
[0507/174812.245:ERROR:network_service_instance_impl.cc(262)] Network service crashed, restarting service.
[0507/174812.349:ERROR:network_service_instance_impl.cc(262)] Network service crashed, restarting service.
[0507/174812.441:ERROR:network_service_instance_impl.cc(262)] Network service crashed, restarting service.
[0507/174812.526:ERROR:network_service_instance_impl.cc(262)] Network service crashed, restarting service.
[0507/174812.619:ERROR:network_service_instance_impl.cc(262)] Network service crashed, restarting service.
[0507/174812.728:ERROR:network_service_instance_impl.cc(262)] Network service crashed, restarting service.
[0507/174812.857:ERROR:network_service_instance_impl.cc(262)] Network service crashed, restarting service.
[0507/174812.984:ERROR:network_service_instance_impl.cc(262)] Network service crashed, restarting service.
[0507/174813.152:ERROR:network_service_instance_impl.cc(262)] Network service crashed, restarting service.
[0507/174813.282:ERROR:network_service_instance_impl.cc(262)] Network service crashed, restarting service.
[0507/174813.393:ERROR:network_service_instance_impl.cc(262)] Network service crashed, restarting service.
[0507/174813.495:ERROR:network_service_instance_impl.cc(262)] Network service crashed, restarting service.
[0507/174813.584:ERROR:network_service_instance_impl.cc(262)] Network service crashed, restarting service.
[0507/174813.686:ERROR:network_service_instance_impl.cc(262)] Network service crashed, restarting service.
[0507/174813.777:ERROR:network_service_instance_impl.cc(262)] Network service crashed, restarting service.
[0507/174813.859:ERROR:network_service_instance_impl.cc(262)] Network service crashed, restarting service.
[0507/174813.953:ERROR:network_service_instance_impl.cc(262)] Network service crashed, restarting service.
[0507/174814.031:ERROR:network_service_instance_impl.cc(262)] Network service crashed, restarting service.
[0507/174814.109:ERROR:network_service_instance_impl.cc(262)] Network service crashed, restarting service.
[0507/174814.172:ERROR:network_service_instance_impl.cc(262)] Network service crashed, restarting service.
[0507/174814.250:ERROR:network_service_instance_impl.cc(262)] Network service crashed, restarting service.
[0507/174814.328:ERROR:network_service_instance_impl.cc(262)] Network service crashed, restarting service.
[0507/174814.391:ERROR:network_service_instance_impl.cc(262)] Network service crashed, restarting service.
[0507/174814.469:ERROR:network_service_instance_impl.cc(262)] Network service crashed, restarting service.
[0507/174814.544:ERROR:network_service_instance_impl.cc(262)] Network service crashed, restarting service.
[0507/174814.610:ERROR:network_service_instance_impl.cc(262)] Network service crashed, restarting service.
[0507/174814.673:ERROR:network_service_instance_impl.cc(262)] Network service crashed, restarting service.
[0507/174814.735:ERROR:network_service_instance_impl.cc(262)] Network service crashed, restarting service.
[0507/174814.798:ERROR:network_service_instance_impl.cc(262)] Network service crashed, restarting service.
[0507/174814.860:ERROR:network_service_instance_impl.cc(262)] Network service crashed, restarting service.
[0507/174814.938:ERROR:network_service_instance_impl.cc(262)] Network service crashed, restarting service.
[0507/174815.001:ERROR:network_service_instance_impl.cc(262)] Network service crashed, restarting service.
[0507/174815.064:ERROR:network_service_instance_impl.cc(262)] Network service crashed, restarting service.
[0507/174815.133:ERROR:network_service_instance_impl.cc(262)] Network service crashed, restarting service.
[0507/174815.189:ERROR:network_service_instance_impl.cc(262)] Network service crashed, restarting service.
[0507/174815.257:ERROR:network_service_instance_impl.cc(262)] Network service crashed, restarting service.
[0507/174815.330:ERROR:network_service_instance_impl.cc(262)] Network service crashed, restarting service.
[0507/174815.408:ERROR:network_service_instance_impl.cc(262)] Network service crashed, restarting service.
[0507/174815.471:ERROR:network_service_instance_impl.cc(262)] Network service crashed, restarting service.
[0507/174815.533:ERROR:network_service_instance_impl.cc(262)] Network service crashed, restarting service.
[0507/174815.596:ERROR:network_service_instance_impl.cc(262)] Network service crashed, restarting service.
[0507/174815.658:ERROR:network_service_instance_impl.cc(262)] Network service crashed, restarting service.
[0507/174815.721:ERROR:network_service_instance_impl.cc(262)] Network service crashed, restarting service.
[0507/174815.799:ERROR:network_service_instance_impl.cc(262)] Network service crashed, restarting service.
[0507/174815.862:ERROR:network_service_instance_impl.cc(262)] Network service crashed, restarting service.
[0507/174815.924:ERROR:network_service_instance_impl.cc(262)] Network service crashed, restarting service.
[0507/174815.987:ERROR:network_service_instance_impl.cc(262)] Network service crashed, restarting service.
[0507/174816.049:ERROR:network_service_instance_impl.cc(262)] Network service crashed, restarting service.
[0507/174816.128:ERROR:network_service_instance_impl.cc(262)] Network service crashed, restarting service.
[0507/174816.192:ERROR:network_service_instance_impl.cc(262)] Network service crashed, restarting service.
[0507/174816.253:ERROR:network_service_instance_impl.cc(262)] Network service crashed, restarting service.
[0507/174816.339:ERROR:network_service_instance_impl.cc(262)] Network service crashed, restarting service.
[0507/174816.394:ERROR:network_service_instance_impl.cc(262)] Network service crashed, restarting service.
[0507/174816.472:ERROR:network_service_instance_impl.cc(262)] Network service crashed, restarting service.
[0507/174816.534:ERROR:network_service_instance_impl.cc(262)] Network service crashed, restarting service.
[0507/174816.610:ERROR:network_service_instance_impl.cc(262)] Network service crashed, restarting service.
[0507/174816.660:ERROR:network_service_instance_impl.cc(262)] Network service crashed, restarting service.
[0507/174816.738:ERROR:network_service_instance_impl.cc(262)] Network service crashed, restarting service.
[0507/174816.800:ERROR:network_service_instance_impl.cc(262)] Network service crashed, restarting service.
[0507/174816.863:ERROR:network_service_instance_impl.cc(262)] Network service crashed, restarting service.
[0507/174816.925:ERROR:network_service_instance_impl.cc(262)] Network service crashed, restarting service.
[0507/174816.988:ERROR:network_service_instance_impl.cc(262)] Network service crashed, restarting service.
[0507/174817.050:ERROR:network_service_instance_impl.cc(262)] Network service crashed, restarting service.
[0507/174817.128:ERROR:network_service_instance_impl.cc(262)] Network service crashed, restarting service.
[0507/174817.191:ERROR:network_service_instance_impl.cc(262)] Network service crashed, restarting service.
[0507/174817.253:ERROR:network_service_instance_impl.cc(262)] Network service crashed, restarting service.
[0507/174817.331:ERROR:network_service_instance_impl.cc(262)] Network service crashed, restarting service.
[0507/174817.394:ERROR:network_service_instance_impl.cc(262)] Network service crashed, restarting service.
[0507/174817.456:ERROR:network_service_instance_impl.cc(262)] Network service crashed, restarting service.
[0507/174817.519:ERROR:network_service_instance_impl.cc(262)] Network service crashed, restarting service.
[0507/174817.581:ERROR:network_service_instance_impl.cc(262)] Network service crashed, restarting service.
[0507/174817.644:ERROR:network_service_instance_impl.cc(262)] Network service crashed, restarting service.
[0507/174817.722:ERROR:network_service_instance_impl.cc(262)] Network service crashed, restarting service.
[0507/174817.800:ERROR:network_service_instance_impl.cc(262)] Network service crashed, restarting service.
[0507/174817.863:ERROR:network_service_instance_impl.cc(262)] Network service crashed, restarting service.
[0507/174817.925:ERROR:network_service_instance_impl.cc(262)] Network service crashed, restarting service.
[0507/174817.988:ERROR:network_service_instance_impl.cc(262)] Network service crashed, restarting service.
[0507/174818.052:ERROR:network_service_instance_impl.cc(262)] Network service crashed, restarting service.
[0507/174818.129:ERROR:network_service_instance_impl.cc(262)] Network service crashed, restarting service.
[0507/174818.207:ERROR:network_service_instance_impl.cc(262)] Network service crashed, restarting service.
[0507/174818.285:ERROR:network_service_instance_impl.cc(262)] Network service crashed, restarting service.
[0507/174818.348:ERROR:network_service_instance_impl.cc(262)] Network service crashed, restarting service.
[0507/174818.411:ERROR:network_service_instance_impl.cc(262)] Network service crashed, restarting service.
[0507/174818.489:ERROR:network_service_instance_impl.cc(262)] Network service crashed, restarting service.
[0507/174818.552:ERROR:network_service_instance_impl.cc(262)] Network service crashed, restarting service.
[0507/174818.627:ERROR:network_service_instance_impl.cc(262)] Network service crashed, restarting service.
[0507/174818.693:ERROR:network_service_instance_impl.cc(262)] Network service crashed, restarting service.
[0507/174818.755:ERROR:network_service_instance_impl.cc(262)] Network service crashed, restarting service.
[0507/174818.818:ERROR:network_service_instance_impl.cc(262)] Network service crashed, restarting service.
[0507/174818.896:ERROR:network_service_instance_impl.cc(262)] Network service crashed, restarting service.
[0507/174818.974:ERROR:network_service_instance_impl.cc(262)] Network service crashed, restarting service.
[0507/174819.036:ERROR:network_service_instance_impl.cc(262)] Network service crashed, restarting service.
[0507/174819.099:ERROR:network_service_instance_impl.cc(262)] Network service crashed, restarting service.
[0507/174819.177:ERROR:network_service_instance_impl.cc(262)] Network service crashed, restarting service.
[0507/174819.256:ERROR:network_service_instance_impl.cc(262)] Network service crashed, restarting service.
[0507/174819.318:ERROR:network_service_instance_impl.cc(262)] Network service crashed, restarting service.
[0507/174819.396:ERROR:network_service_instance_impl.cc(262)] Network service crashed, restarting service.
[0507/174819.459:ERROR:network_service_instance_impl.cc(262)] Network service crashed, restarting service.
[0507/174819.522:ERROR:network_service_instance_impl.cc(262)] Network service crashed, restarting service.
[0507/174819.584:ERROR:network_service_instance_impl.cc(262)] Network service crashed, restarting service.
[0507/174819.647:ERROR:network_service_instance_impl.cc(262)] Network service crashed, restarting service.
[0507/174819.709:ERROR:network_service_instance_impl.cc(262)] Network service crashed, restarting service.
[0507/174819.788:ERROR:network_service_instance_impl.cc(262)] Network service crashed, restarting service.
[0507/174819.850:ERROR:network_service_instance_impl.cc(262)] Network service crashed, restarting service.
[0507/174819.913:ERROR:network_service_instance_impl.cc(262)] Network service crashed, restarting service.
[0507/174819.989:ERROR:network_service_instance_impl.cc(262)] Network service crashed, restarting service.
[0507/174820.054:ERROR:network_service_instance_impl.cc(262)] Network service crashed, restarting service.
[0507/174820.117:ERROR:network_service_instance_impl.cc(262)] Network service crashed, restarting service.
[0507/174820.195:ERROR:network_service_instance_impl.cc(262)] Network service crashed, restarting service.
[0507/174820.257:ERROR:network_service_instance_impl.cc(262)] Network service crashed, restarting service.
[0507/174820.335:ERROR:network_service_instance_impl.cc(262)] Network service crashed, restarting service.
[0507/174820.409:ERROR:network_service_instance_impl.cc(262)] Network service crashed, restarting service.
[0507/174820.477:ERROR:network_service_instance_impl.cc(262)] Network service crashed, restarting service.
[0507/174820.539:ERROR:network_service_instance_impl.cc(262)] Network service crashed, restarting service.
[0507/174820.602:ERROR:network_service_instance_impl.cc(262)] Network service crashed, restarting service.
[0507/174820.664:ERROR:network_service_instance_impl.cc(262)] Network service crashed, restarting service.
[0507/174820.727:ERROR:network_service_instance_impl.cc(262)] Network service crashed, restarting service.
[0507/174820.790:ERROR:network_service_instance_impl.cc(262)] Network service crashed, restarting service.
[0507/174820.868:ERROR:network_service_instance_impl.cc(262)] Network service crashed, restarting service.
[0507/174820.930:ERROR:network_service_instance_impl.cc(262)] Network service crashed, restarting service.
[0507/174820.993:ERROR:network_service_instance_impl.cc(262)] Network service crashed, restarting service.
[0507/174821.056:ERROR:network_service_instance_impl.cc(262)] Network service crashed, restarting service.
[0507/174821.118:ERROR:network_service_instance_impl.cc(262)] Network service crashed, restarting service.
[0507/174821.196:ERROR:network_service_instance_impl.cc(262)] Network service crashed, restarting service.
[0507/174821.259:ERROR:network_service_instance_impl.cc(262)] Network service crashed, restarting service.
[0507/174821.337:ERROR:network_service_instance_impl.cc(262)] Network service crashed, restarting service.
[0507/174821.399:ERROR:network_service_instance_impl.cc(262)] Network service crashed, restarting service.
[0507/174821.462:ERROR:network_service_instance_impl.cc(262)] Network service crashed, restarting service.
[0507/174821.524:ERROR:network_service_instance_impl.cc(262)] Network service crashed, restarting service.
[0507/174821.587:ERROR:network_service_instance_impl.cc(262)] Network service crashed, restarting service.
[0507/174821.649:ERROR:network_service_instance_impl.cc(262)] Network service crashed, restarting service.
[0507/174821.712:ERROR:network_service_instance_impl.cc(262)] Network service crashed, restarting service.
[0507/174821.790:ERROR:network_service_instance_impl.cc(262)] Network service crashed, restarting service.
[0507/174821.853:ERROR:network_service_instance_impl.cc(262)] Network service crashed, restarting service.
[0507/174821.915:ERROR:network_service_instance_impl.cc(262)] Network service crashed, restarting service.
[0507/174821.993:ERROR:network_service_instance_impl.cc(262)] Network service crashed, restarting service.
[0507/174822.056:ERROR:network_service_instance_impl.cc(262)] Network service crashed, restarting service.
[0507/174822.136:ERROR:network_service_instance_impl.cc(262)] Network service crashed, restarting service.
[0507/174822.196:ERROR:network_service_instance_impl.cc(262)] Network service crashed, restarting service.
[0507/174822.275:ERROR:network_service_instance_impl.cc(262)] Network service crashed, restarting service.
[0507/174822.353:ERROR:network_service_instance_impl.cc(262)] Network service crashed, restarting service.
[0507/174822.431:ERROR:network_service_instance_impl.cc(262)] Network service crashed, restarting service.
[0507/174822.515:ERROR:network_service_instance_impl.cc(262)] Network service crashed, restarting service.
[0507/174822.587:ERROR:network_service_instance_impl.cc(262)] Network service crashed, restarting service.
[0507/174822.665:ERROR:network_service_instance_impl.cc(262)] Network service crashed, restarting service.
[0507/174822.746:ERROR:network_service_instance_impl.cc(262)] Network service crashed, restarting service.
[0507/174822.822:ERROR:network_service_instance_impl.cc(262)] Network service crashed, restarting service.
[0507/174822.900:ERROR:network_service_instance_impl.cc(262)] Network service crashed, restarting service.
[0507/174822.963:ERROR:network_service_instance_impl.cc(262)] Network service crashed, restarting service.
[0507/174823.041:ERROR:network_service_instance_impl.cc(262)] Network service crashed, restarting service.
[0507/174823.119:ERROR:network_service_instance_impl.cc(262)] Network service crashed, restarting service.
[0507/174823.198:ERROR:network_service_instance_impl.cc(262)] Network service crashed, restarting service.
[0507/174823.276:ERROR:network_service_instance_impl.cc(262)] Network service crashed, restarting service.
[0507/174823.370:ERROR:network_service_instance_impl.cc(262)] Network service crashed, restarting service.
[0507/174823.448:ERROR:network_service_instance_impl.cc(262)] Network service crashed, restarting service.
[0507/174823.542:ERROR:network_service_instance_impl.cc(262)] Network service crashed, restarting service.
[0507/174823.620:ERROR:network_service_instance_impl.cc(262)] Network service crashed, restarting service.
[0507/174823.714:ERROR:network_service_instance_impl.cc(262)] Network service crashed, restarting service.
[0507/174823.792:ERROR:network_service_instance_impl.cc(262)] Network service crashed, restarting service.
[0507/174823.887:ERROR:network_service_instance_impl.cc(262)] Network service crashed, restarting service.
[0507/174823.965:ERROR:network_service_instance_impl.cc(262)] Network service crashed, restarting service.
[0507/174824.028:ERROR:network_service_instance_impl.cc(262)] Network service crashed, restarting service.
[0507/174824.106:ERROR:network_service_instance_impl.cc(262)] Network service crashed, restarting service.
[0507/174824.184:ERROR:network_service_instance_impl.cc(262)] Network service crashed, restarting service.
[0507/174824.271:ERROR:network_service_instance_impl.cc(262)] Network service crashed, restarting service.
[0507/174824.341:ERROR:network_service_instance_impl.cc(262)] Network service crashed, restarting service.
[0507/174824.419:ERROR:network_service_instance_impl.cc(262)] Network service crashed, restarting service.
[0507/174824.481:ERROR:network_service_instance_impl.cc(262)] Network service crashed, restarting service.
[0507/174824.577:ERROR:network_service_instance_impl.cc(262)] Network service crashed, restarting service.
[0507/174824.640:ERROR:network_service_instance_impl.cc(262)] Network service crashed, restarting service.
[0507/174824.721:ERROR:network_service_instance_impl.cc(262)] Network service crashed, restarting service.
[0507/174824.797:ERROR:network_service_instance_impl.cc(262)] Network service crashed, restarting service.
[0507/174824.891:ERROR:network_service_instance_impl.cc(262)] Network service crashed, restarting service.
[0507/174824.972:ERROR:network_service_instance_impl.cc(262)] Network service crashed, restarting service.
[0507/174825.047:ERROR:network_service_instance_impl.cc(262)] Network service crashed, restarting service.
[0507/174825.143:ERROR:network_service_instance_impl.cc(262)] Network service crashed, restarting service.
[0507/174825.220:ERROR:network_service_instance_impl.cc(262)] Network service crashed, restarting service.
[0507/174825.298:ERROR:network_service_instance_impl.cc(262)] Network service crashed, restarting service.
[0507/174825.376:ERROR:network_service_instance_impl.cc(262)] Network service crashed, restarting service.
[0507/174825.456:ERROR:network_service_instance_impl.cc(262)] Network service crashed, restarting service.
[0507/174825.533:ERROR:network_service_instance_impl.cc(262)] Network service crashed, restarting service.
[0507/174825.596:ERROR:network_service_instance_impl.cc(262)] Network service crashed, restarting service.
[0507/174825.674:ERROR:network_service_instance_impl.cc(262)] Network service crashed, restarting service.
[0507/174825.752:ERROR:network_service_instance_impl.cc(262)] Network service crashed, restarting service.
[0507/174825.815:ERROR:network_service_instance_impl.cc(262)] Network service crashed, restarting service.
[0507/174825.903:ERROR:network_service_instance_impl.cc(262)] Network service crashed, restarting service.
[0507/174825.971:ERROR:network_service_instance_impl.cc(262)] Network service crashed, restarting service.
[0507/174826.049:ERROR:network_service_instance_impl.cc(262)] Network service crashed, restarting service.
[0507/174826.127:ERROR:network_service_instance_impl.cc(262)] Network service crashed, restarting service.
[0507/174826.223:ERROR:network_service_instance_impl.cc(262)] Network service crashed, restarting service.
[0507/174826.299:ERROR:network_service_instance_impl.cc(262)] Network service crashed, restarting service.
[0507/174826.362:ERROR:network_service_instance_impl.cc(262)] Network service crashed, restarting service.
[0507/174826.440:ERROR:network_service_instance_impl.cc(262)] Network service crashed, restarting service.
[0507/174826.518:ERROR:network_service_instance_impl.cc(262)] Network service crashed, restarting service.
[0507/174826.597:ERROR:network_service_instance_impl.cc(262)] Network service crashed, restarting service.
[0507/174826.659:ERROR:network_service_instance_impl.cc(262)] Network service crashed, restarting service.
[0507/174826.738:ERROR:network_service_instance_impl.cc(262)] Network service crashed, restarting service.
[0507/174826.800:ERROR:network_service_instance_impl.cc(262)] Network service crashed, restarting service.
[0507/174826.878:ERROR:network_service_instance_impl.cc(262)] Network service crashed, restarting service.
[0507/174826.957:ERROR:network_service_instance_impl.cc(262)] Network service crashed, restarting service.
[0507/174827.019:ERROR:network_service_instance_impl.cc(262)] Network service crashed, restarting service.
[0507/174827.097:ERROR:network_service_instance_impl.cc(262)] Network service crashed, restarting service.
[0507/174827.192:ERROR:network_service_instance_impl.cc(262)] Network service crashed, restarting service.
[0507/174827.270:ERROR:network_service_instance_impl.cc(262)] Network service crashed, restarting service.
[0507/174827.363:ERROR:network_service_instance_impl.cc(262)] Network service crashed, restarting service.
[0507/174827.442:ERROR:network_service_instance_impl.cc(262)] Network service crashed, restarting service.
[0507/174827.525:ERROR:network_service_instance_impl.cc(262)] Network service crashed, restarting service.
[0507/174827.598:ERROR:network_service_instance_impl.cc(262)] Network service crashed, restarting service.
[0507/174827.676:ERROR:network_service_instance_impl.cc(262)] Network service crashed, restarting service.
[0507/174827.753:ERROR:network_service_instance_impl.cc(262)] Network service crashed, restarting service.
[0507/174827.817:ERROR:network_service_instance_impl.cc(262)] Network service crashed, restarting service.
[0507/174827.895:ERROR:network_service_instance_impl.cc(262)] Network service crashed, restarting service.
[0507/174827.973:ERROR:network_service_instance_impl.cc(262)] Network service crashed, restarting service.
[0507/174828.051:ERROR:network_service_instance_impl.cc(262)] Network service crashed, restarting service.
[0507/174828.129:ERROR:network_service_instance_impl.cc(262)] Network service crashed, restarting service.
[0507/174828.192:ERROR:network_service_instance_impl.cc(262)] Network service crashed, restarting service.
[0507/174828.270:ERROR:network_service_instance_impl.cc(262)] Network service crashed, restarting service.
[0507/174828.348:ERROR:network_service_instance_impl.cc(262)] Network service crashed, restarting service.
[0507/174828.458:ERROR:network_service_instance_impl.cc(262)] Network service crashed, restarting service.
[0507/174828.536:ERROR:network_service_instance_impl.cc(262)] Network service crashed, restarting service.
[0507/174828.630:ERROR:network_service_instance_impl.cc(262)] Network service crashed, restarting service.
[0507/174828.712:ERROR:network_service_instance_impl.cc(262)] Network service crashed, restarting service.
[0507/174828.802:ERROR:network_service_instance_impl.cc(262)] Network service crashed, restarting service.
[0507/174828.880:ERROR:network_service_instance_impl.cc(262)] Network service crashed, restarting service.
[0507/174828.959:ERROR:network_service_instance_impl.cc(262)] Network service crashed, restarting service.
[0507/174829.037:ERROR:network_service_instance_impl.cc(262)] Network service crashed, restarting service.
[0507/174829.131:ERROR:network_service_instance_impl.cc(262)] Network service crashed, restarting service.
[0507/174829.209:ERROR:network_service_instance_impl.cc(262)] Network service crashed, restarting service.
[0507/174829.287:ERROR:network_service_instance_impl.cc(262)] Network service crashed, restarting service.
[0507/174829.366:ERROR:network_service_instance_impl.cc(262)] Network service crashed, restarting service.
[0507/174829.444:ERROR:network_service_instance_impl.cc(262)] Network service crashed, restarting service.
[0507/174829.522:ERROR:network_service_instance_impl.cc(262)] Network service crashed, restarting service.
[0507/174829.600:ERROR:network_service_instance_impl.cc(262)] Network service crashed, restarting service.
[0507/174829.686:ERROR:network_service_instance_impl.cc(262)] Network service crashed, restarting service.
[0507/174829.757:ERROR:network_service_instance_impl.cc(262)] Network service crashed, restarting service.
[0507/174829.835:ERROR:network_service_instance_impl.cc(262)] Network service crashed, restarting service.
[0507/174829.913:ERROR:network_service_instance_impl.cc(262)] Network service crashed, restarting service.
[0507/174829.979:ERROR:network_service_instance_impl.cc(262)] Network service crashed, restarting service.
[0507/174830.054:ERROR:network_service_instance_impl.cc(262)] Network service crashed, restarting service.
[0507/174830.132:ERROR:network_service_instance_impl.cc(262)] Network service crashed, restarting service.
[0507/174830.219:ERROR:network_service_instance_impl.cc(262)] Network service crashed, restarting service.
[0507/174830.289:ERROR:network_service_instance_impl.cc(262)] Network service crashed, restarting service.
[0507/174830.367:ERROR:network_service_instance_impl.cc(262)] Network service crashed, restarting service.
[0507/174830.445:ERROR:network_service_instance_impl.cc(262)] Network service crashed, restarting service.
[0507/174830.523:ERROR:network_service_instance_impl.cc(262)] Network service crashed, restarting service.
[0507/174830.598:ERROR:network_service_instance_impl.cc(262)] Network service crashed, restarting service.
[0507/174830.664:ERROR:network_service_instance_impl.cc(262)] Network service crashed, restarting service.
[0507/174830.742:ERROR:network_service_instance_impl.cc(262)] Network service crashed, restarting service.
[0507/174830.821:ERROR:network_service_instance_impl.cc(262)] Network service crashed, restarting service.
[0507/174830.910:ERROR:network_service_instance_impl.cc(262)] Network service crashed, restarting service.
[0507/174830.977:ERROR:network_service_instance_impl.cc(262)] Network service crashed, restarting service.
[0507/174831.055:ERROR:network_service_instance_impl.cc(262)] Network service crashed, restarting service.
[0507/174831.133:ERROR:network_service_instance_impl.cc(262)] Network service crashed, restarting service.
[0507/174831.212:ERROR:network_service_instance_impl.cc(262)] Network service crashed, restarting service.
[0507/174831.290:ERROR:network_service_instance_impl.cc(262)] Network service crashed, restarting service.
[0507/174831.375:ERROR:network_service_instance_impl.cc(262)] Network service crashed, restarting service.
[0507/174831.446:ERROR:network_service_instance_impl.cc(262)] Network service crashed, restarting service.
[0507/174831.524:ERROR:network_service_instance_impl.cc(262)] Network service crashed, restarting service.
[0507/174831.603:ERROR:network_service_instance_impl.cc(262)] Network service crashed, restarting service.
[0507/174831.681:ERROR:network_service_instance_impl.cc(262)] Network service crashed, restarting service.
[0507/174831.744:ERROR:network_service_instance_impl.cc(262)] Network service crashed, restarting service.
[0507/174831.832:ERROR:network_service_instance_impl.cc(262)] Network service crashed, restarting service.
[0507/174831.900:ERROR:network_service_instance_impl.cc(262)] Network service crashed, restarting service.
[0507/174831.994:ERROR:network_service_instance_impl.cc(262)] Network service crashed, restarting service.
[0507/174832.096:ERROR:network_service_instance_impl.cc(262)] Network service crashed, restarting service.
[0507/174832.182:ERROR:network_service_instance_impl.cc(262)] Network service crashed, restarting service.
[0507/174832.260:ERROR:network_service_instance_impl.cc(262)] Network service crashed, restarting service.
[0507/174832.354:ERROR:network_service_instance_impl.cc(262)] Network service crashed, restarting service.
[0507/174832.432:ERROR:network_service_instance_impl.cc(262)] Network service crashed, restarting service.
[0507/174832.494:ERROR:network_service_instance_impl.cc(262)] Network service crashed, restarting service.
[0507/174832.573:ERROR:network_service_instance_impl.cc(262)] Network service crashed, restarting service.
[0507/174832.651:ERROR:network_service_instance_impl.cc(262)] Network service crashed, restarting service.
[0507/174832.729:ERROR:network_service_instance_impl.cc(262)] Network service crashed, restarting service.
[0507/174832.791:ERROR:network_service_instance_impl.cc(262)] Network service crashed, restarting service.
[0507/174832.875:ERROR:network_service_instance_impl.cc(262)] Network service crashed, restarting service.
[0507/174832.948:ERROR:network_service_instance_impl.cc(262)] Network service crashed, restarting service.
[0507/174833.011:ERROR:network_service_instance_impl.cc(262)] Network service crashed, restarting service.
[0507/174833.089:ERROR:network_service_instance_impl.cc(262)] Network service crashed, restarting service.
[0507/174833.167:ERROR:network_service_instance_impl.cc(262)] Network service crashed, restarting service.
[0507/174833.261:ERROR:network_service_instance_impl.cc(262)] Network service crashed, restarting service.
[0507/174833.339:ERROR:network_service_instance_impl.cc(262)] Network service crashed, restarting service.
[0507/174833.417:ERROR:network_service_instance_impl.cc(262)] Network service crashed, restarting service.
[0507/174833.496:ERROR:network_service_instance_impl.cc(262)] Network service crashed, restarting service.
[0507/174833.585:ERROR:network_service_instance_impl.cc(262)] Network service crashed, restarting service.
[0507/174833.652:ERROR:network_service_instance_impl.cc(262)] Network service crashed, restarting service.
[0507/174833.730:ERROR:network_service_instance_impl.cc(262)] Network service crashed, restarting service.
[0507/174833.809:ERROR:network_service_instance_impl.cc(262)] Network service crashed, restarting service.
[0507/174833.903:ERROR:network_service_instance_impl.cc(262)] Network service crashed, restarting service.
[0507/174833.987:ERROR:network_service_instance_impl.cc(262)] Network service crashed, restarting service.
[0507/174834.071:ERROR:network_service_instance_impl.cc(262)] Network service crashed, restarting service.
[0507/174834.154:ERROR:network_service_instance_impl.cc(262)] Network service crashed, restarting service.
[0507/174834.239:ERROR:network_service_instance_impl.cc(262)] Network service crashed, restarting service.
[0507/174834.321:ERROR:network_service_instance_impl.cc(262)] Network service crashed, restarting service.
[0507/174834.414:ERROR:network_service_instance_impl.cc(262)] Network service crashed, restarting service.
[0507/174834.505:ERROR:network_service_instance_impl.cc(262)] Network service crashed, restarting service.
[0507/174834.589:ERROR:network_service_instance_impl.cc(262)] Network service crashed, restarting service.
[0507/174834.669:ERROR:network_service_instance_impl.cc(262)] Network service crashed, restarting service.
[0507/174834.749:ERROR:network_service_instance_impl.cc(262)] Network service crashed, restarting service.
[0507/174834.833:ERROR:network_service_instance_impl.cc(262)] Network service crashed, restarting service.
[0507/174834.914:ERROR:network_service_instance_impl.cc(262)] Network service crashed, restarting service.
[0507/174834.995:ERROR:network_service_instance_impl.cc(262)] Network service crashed, restarting service.
[0507/174835.078:ERROR:network_service_instance_impl.cc(262)] Network service crashed, restarting service.
[0507/174835.161:ERROR:network_service_instance_impl.cc(262)] Network service crashed, restarting service.
[0507/174835.243:ERROR:network_service_instance_impl.cc(262)] Network service crashed, restarting service.
[0507/174835.318:ERROR:network_service_instance_impl.cc(262)] Network service crashed, restarting service.
[0507/174835.399:ERROR:network_service_instance_impl.cc(262)] Network service crashed, restarting service.
[0507/174835.475:ERROR:network_service_instance_impl.cc(262)] Network service crashed, restarting service.
[0507/174835.555:ERROR:network_service_instance_impl.cc(262)] Network service crashed, restarting service.
[0507/174835.641:ERROR:network_service_instance_impl.cc(262)] Network service crashed, restarting service.
[0507/174835.731:ERROR:network_service_instance_impl.cc(262)] Network service crashed, restarting service.
[0507/174835.813:ERROR:network_service_instance_impl.cc(262)] Network service crashed, restarting service.
[0507/174835.894:ERROR:network_service_instance_impl.cc(262)] Network service crashed, restarting service.
[0507/174835.975:ERROR:network_service_instance_impl.cc(262)] Network service crashed, restarting service.
[0507/174836.055:ERROR:network_service_instance_impl.cc(262)] Network service crashed, restarting service.
[0507/174836.134:ERROR:network_service_instance_impl.cc(262)] Network service crashed, restarting service.
[0507/174836.220:ERROR:network_service_instance_impl.cc(262)] Network service crashed, restarting service.
[0507/174836.300:ERROR:network_service_instance_impl.cc(262)] Network service crashed, restarting service.
[0507/174836.383:ERROR:network_service_instance_impl.cc(262)] Network service crashed, restarting service.
[0507/174836.463:ERROR:network_service_instance_impl.cc(262)] Network service crashed, restarting service.
[0507/174836.544:ERROR:network_service_instance_impl.cc(262)] Network service crashed, restarting service.
[0507/174836.622:ERROR:network_service_instance_impl.cc(262)] Network service crashed, restarting service.
[0507/174836.709:ERROR:network_service_instance_impl.cc(262)] Network service crashed, restarting service.
[0507/174836.797:ERROR:network_service_instance_impl.cc(262)] Network service crashed, restarting service.
[0507/174836.892:ERROR:network_service_instance_impl.cc(262)] Network service crashed, restarting service.
[0507/174836.983:ERROR:network_service_instance_impl.cc(262)] Network service crashed, restarting service.
[0507/174837.067:ERROR:network_service_instance_impl.cc(262)] Network service crashed, restarting service.
[0507/174837.154:ERROR:network_service_instance_impl.cc(262)] Network service crashed, restarting service.
[0507/174837.238:ERROR:network_service_instance_impl.cc(262)] Network service crashed, restarting service.
[0507/174837.324:ERROR:network_service_instance_impl.cc(262)] Network service crashed, restarting service.
[0507/174837.410:ERROR:network_service_instance_impl.cc(262)] Network service crashed, restarting service.
[0507/174837.494:ERROR:network_service_instance_impl.cc(262)] Network service crashed, restarting service.
[0507/174837.577:ERROR:network_service_instance_impl.cc(262)] Network service crashed, restarting service.
[0507/174837.661:ERROR:network_service_instance_impl.cc(262)] Network service crashed, restarting service.
[0507/174837.742:ERROR:network_service_instance_impl.cc(262)] Network service crashed, restarting service.
[0507/174837.820:ERROR:network_service_instance_impl.cc(262)] Network service crashed, restarting service.
[0507/174837.896:ERROR:network_service_instance_impl.cc(262)] Network service crashed, restarting service.
[0507/174837.976:ERROR:network_service_instance_impl.cc(262)] Network service crashed, restarting service.
[0507/174838.058:ERROR:network_service_instance_impl.cc(262)] Network service crashed, restarting service.
[0507/174838.153:ERROR:network_service_instance_impl.cc(262)] Network service crashed, restarting service.
[0507/174838.239:ERROR:network_service_instance_impl.cc(262)] Network service crashed, restarting service.
[0507/174838.326:ERROR:network_service_instance_impl.cc(262)] Network service crashed, restarting service.
[0507/174838.419:ERROR:network_service_instance_impl.cc(262)] Network service crashed, restarting service.
[0507/174838.506:ERROR:network_service_instance_impl.cc(262)] Network service crashed, restarting service.
[0507/174838.593:ERROR:network_service_instance_impl.cc(262)] Network service crashed, restarting service.
[0507/174838.679:ERROR:network_service_instance_impl.cc(262)] Network service crashed, restarting service.
[0507/174838.761:ERROR:network_service_instance_impl.cc(262)] Network service crashed, restarting service.
[0507/174838.835:ERROR:network_service_instance_impl.cc(262)] Network service crashed, restarting service.
[0507/174838.912:ERROR:network_service_instance_impl.cc(262)] Network service crashed, restarting service.
[0507/174838.996:ERROR:network_service_instance_impl.cc(262)] Network service crashed, restarting service.
[0507/174839.077:ERROR:network_service_instance_impl.cc(262)] Network service crashed, restarting service.
[0507/174839.172:ERROR:network_service_instance_impl.cc(262)] Network service crashed, restarting service.
[0507/174839.295:ERROR:network_service_instance_impl.cc(262)] Network service crashed, restarting service.
[0507/174839.419:ERROR:network_service_instance_impl.cc(262)] Network service crashed, restarting service.
[0507/174839.516:ERROR:network_service_instance_impl.cc(262)] Network service crashed, restarting service.
[0507/174839.607:ERROR:network_service_instance_impl.cc(262)] Network service crashed, restarting service.
[0507/174839.700:ERROR:network_service_instance_impl.cc(262)] Network service crashed, restarting service.
[0507/174839.799:ERROR:network_service_instance_impl.cc(262)] Network service crashed, restarting service.
[0507/174839.882:ERROR:network_service_instance_impl.cc(262)] Network service crashed, restarting service.
[0507/174839.962:ERROR:network_service_instance_impl.cc(262)] Network service crashed, restarting service.
[0507/174840.059:ERROR:network_service_instance_impl.cc(262)] Network service crashed, restarting service.
[0507/174840.154:ERROR:network_service_instance_impl.cc(262)] Network service crashed, restarting service.
[0507/174840.255:ERROR:network_service_instance_impl.cc(262)] Network service crashed, restarting service.
[0507/174840.373:ERROR:network_service_instance_impl.cc(262)] Network service crashed, restarting service.
[0507/174840.470:ERROR:network_service_instance_impl.cc(262)] Network service crashed, restarting service.
[0507/174840.562:ERROR:network_service_instance_impl.cc(262)] Network service crashed, restarting service.
[0507/174840.655:ERROR:network_service_instance_impl.cc(262)] Network service crashed, restarting service.
[0507/174840.741:ERROR:network_service_instance_impl.cc(262)] Network service crashed, restarting service.
[0507/174840.823:ERROR:network_service_instance_impl.cc(262)] Network service crashed, restarting service.
[0507/174840.903:ERROR:network_service_instance_impl.cc(262)] Network service crashed, restarting service.
[0507/174840.981:ERROR:network_service_instance_impl.cc(262)] Network service crashed, restarting service.
[0507/174841.060:ERROR:network_service_instance_impl.cc(262)] Network service crashed, restarting service.
[0507/174841.142:ERROR:network_service_instance_impl.cc(262)] Network service crashed, restarting service.
[0507/174841.223:ERROR:network_service_instance_impl.cc(262)] Network service crashed, restarting service.
[0507/174841.302:ERROR:network_service_instance_impl.cc(262)] Network service crashed, restarting service.
[0507/174841.382:ERROR:network_service_instance_impl.cc(262)] Network service crashed, restarting service.
[0507/174841.466:ERROR:network_service_instance_impl.cc(262)] Network service crashed, restarting service.
[0507/174841.542:ERROR:network_service_instance_impl.cc(262)] Network service crashed, restarting service.
[0507/174841.618:ERROR:network_service_instance_impl.cc(262)] Network service crashed, restarting service.
[0507/174841.706:ERROR:network_service_instance_impl.cc(262)] Network service crashed, restarting service.
[0507/174841.795:ERROR:network_service_instance_impl.cc(262)] Network service crashed, restarting service.
[0507/174841.879:ERROR:network_service_instance_impl.cc(262)] Network service crashed, restarting service.
[0507/174841.958:ERROR:network_service_instance_impl.cc(262)] Network service crashed, restarting service.
[0507/174842.038:ERROR:network_service_instance_impl.cc(262)] Network service crashed, restarting service.
[0507/174842.115:ERROR:network_service_instance_impl.cc(262)] Network service crashed, restarting service.
[0507/174842.200:ERROR:network_service_instance_impl.cc(262)] Network service crashed, restarting service.
[0507/174842.276:ERROR:network_service_instance_impl.cc(262)] Network service crashed, restarting service.
[0507/174842.353:ERROR:network_service_instance_impl.cc(262)] Network service crashed, restarting service.
[0507/174842.432:ERROR:network_service_instance_impl.cc(262)] Network service crashed, restarting service.
[0507/174842.508:ERROR:network_service_instance_impl.cc(262)] Network service crashed, restarting service.
[0507/174842.585:ERROR:network_service_instance_impl.cc(262)] Network service crashed, restarting service.
[0507/174842.661:ERROR:network_service_instance_impl.cc(262)] Network service crashed, restarting service.
[0507/174842.737:ERROR:network_service_instance_impl.cc(262)] Network service crashed, restarting service.
[0507/174842.812:ERROR:network_service_instance_impl.cc(262)] Network service crashed, restarting service.
[0507/174842.890:ERROR:network_service_instance_impl.cc(262)] Network service crashed, restarting service.
[0507/174842.972:ERROR:network_service_instance_impl.cc(262)] Network service crashed, restarting service.
[0507/174843.053:ERROR:network_service_instance_impl.cc(262)] Network service crashed, restarting service.
[0507/174843.134:ERROR:network_service_instance_impl.cc(262)] Network service crashed, restarting service.
[0507/174843.215:ERROR:network_service_instance_impl.cc(262)] Network service crashed, restarting service.
[0507/174843.296:ERROR:network_service_instance_impl.cc(262)] Network service crashed, restarting service.
[0507/174843.377:ERROR:network_service_instance_impl.cc(262)] Network service crashed, restarting service.
[0507/174843.457:ERROR:network_service_instance_impl.cc(262)] Network service crashed, restarting service.
[0507/174843.536:ERROR:network_service_instance_impl.cc(262)] Network service crashed, restarting service.
[0507/174843.613:ERROR:network_service_instance_impl.cc(262)] Network service crashed, restarting service.
[0507/174843.691:ERROR:network_service_instance_impl.cc(262)] Network service crashed, restarting service.
[0507/174843.769:ERROR:network_service_instance_impl.cc(262)] Network service crashed, restarting service.
[0507/174843.844:ERROR:network_service_instance_impl.cc(262)] Network service crashed, restarting service.
[0507/174843.904:ERROR:network_service_instance_impl.cc(262)] Network service crashed, restarting service.
[0507/174843.983:ERROR:network_service_instance_impl.cc(262)] Network service crashed, restarting service.
[0507/174844.070:ERROR:network_service_instance_impl.cc(262)] Network service crashed, restarting service.
[0507/174844.156:ERROR:network_service_instance_impl.cc(262)] Network service crashed, restarting service.
[0507/174844.249:ERROR:network_service_instance_impl.cc(262)] Network service crashed, restarting service.
[0507/174844.328:ERROR:network_service_instance_impl.cc(262)] Network service crashed, restarting service.
[0507/174844.437:ERROR:network_service_instance_impl.cc(262)] Network service crashed, restarting service.
[0507/174844.531:ERROR:network_service_instance_impl.cc(262)] Network service crashed, restarting service.
[0507/174844.609:ERROR:network_service_instance_impl.cc(262)] Network service crashed, restarting service.
[0507/174844.703:ERROR:network_service_instance_impl.cc(262)] Network service crashed, restarting service.
[0507/174844.781:ERROR:network_service_instance_impl.cc(262)] Network service crashed, restarting service.
[0507/174844.875:ERROR:network_service_instance_impl.cc(262)] Network service crashed, restarting service.
[0507/174844.953:ERROR:network_service_instance_impl.cc(262)] Network service crashed, restarting service.
[0507/174845.031:ERROR:network_service_instance_impl.cc(262)] Network service crashed, restarting service.
[0507/174845.109:ERROR:network_service_instance_impl.cc(262)] Network service crashed, restarting service.
[0507/174845.188:ERROR:network_service_instance_impl.cc(262)] Network service crashed, restarting service.
[0507/174845.266:ERROR:network_service_instance_impl.cc(262)] Network service crashed, restarting service.
[0507/174845.360:ERROR:network_service_instance_impl.cc(262)] Network service crashed, restarting service.
[0507/174845.454:ERROR:network_service_instance_impl.cc(262)] Network service crashed, restarting service.
[0507/174845.532:ERROR:network_service_instance_impl.cc(262)] Network service crashed, restarting service.
[0507/174845.610:ERROR:network_service_instance_impl.cc(262)] Network service crashed, restarting service.
[0507/174845.704:ERROR:network_service_instance_impl.cc(262)] Network service crashed, restarting service.
[0507/174845.782:ERROR:network_service_instance_impl.cc(262)] Network service crashed, restarting service.
[0507/174845.861:ERROR:network_service_instance_impl.cc(262)] Network service crashed, restarting service.
[0507/174845.939:ERROR:network_service_instance_impl.cc(262)] Network service crashed, restarting service.
[0507/174846.017:ERROR:network_service_instance_impl.cc(262)] Network service crashed, restarting service.
[0507/174846.079:ERROR:network_service_instance_impl.cc(262)] Network service crashed, restarting service.
[0507/174846.173:ERROR:network_service_instance_impl.cc(262)] Network service crashed, restarting service.
[0507/174846.252:ERROR:network_service_instance_impl.cc(262)] Network service crashed, restarting service.
[0507/174846.330:ERROR:network_service_instance_impl.cc(262)] Network service crashed, restarting service.
[0507/174846.392:ERROR:network_service_instance_impl.cc(262)] Network service crashed, restarting service.
[0507/174846.486:ERROR:network_service_instance_impl.cc(262)] Network service crashed, restarting service.
[0507/174846.564:ERROR:network_service_instance_impl.cc(262)] Network service crashed, restarting service.
[0507/174846.642:ERROR:network_service_instance_impl.cc(262)] Network service crashed, restarting service.
[0507/174846.721:ERROR:network_service_instance_impl.cc(262)] Network service crashed, restarting service.
[0507/174846.799:ERROR:network_service_instance_impl.cc(262)] Network service crashed, restarting service.
[0507/174846.877:ERROR:network_service_instance_impl.cc(262)] Network service crashed, restarting service.
[0507/174846.956:ERROR:network_service_instance_impl.cc(262)] Network service crashed, restarting service.
[0507/174847.034:ERROR:network_service_instance_impl.cc(262)] Network service crashed, restarting service.
[0507/174847.112:ERROR:network_service_instance_impl.cc(262)] Network service crashed, restarting service.
[0507/174847.190:ERROR:network_service_instance_impl.cc(262)] Network service crashed, restarting service.
[0507/174847.268:ERROR:network_service_instance_impl.cc(262)] Network service crashed, restarting service.
[0507/174847.346:ERROR:network_service_instance_impl.cc(262)] Network service crashed, restarting service.
[0507/174847.425:ERROR:network_service_instance_impl.cc(262)] Network service crashed, restarting service.
[0507/174847.494:ERROR:network_service_instance_impl.cc(262)] Network service crashed, restarting service.
[0507/174847.566:ERROR:network_service_instance_impl.cc(262)] Network service crashed, restarting service.
[0507/174847.653:ERROR:network_service_instance_impl.cc(262)] Network service crashed, restarting service.
[0507/174847.722:ERROR:network_service_instance_impl.cc(262)] Network service crashed, restarting service.
[0507/174847.816:ERROR:network_service_instance_impl.cc(262)] Network service crashed, restarting service.
[0507/174847.910:ERROR:network_service_instance_impl.cc(262)] Network service crashed, restarting service.
[0507/174847.988:ERROR:network_service_instance_impl.cc(262)] Network service crashed, restarting service.
[0507/174848.066:ERROR:network_service_instance_impl.cc(262)] Network service crashed, restarting service.
[0507/174848.160:ERROR:network_service_instance_impl.cc(262)] Network service crashed, restarting service.
[0507/174848.238:ERROR:network_service_instance_impl.cc(262)] Network service crashed, restarting service.
[0507/174848.316:ERROR:network_service_instance_impl.cc(262)] Network service crashed, restarting service.
[0507/174848.394:ERROR:network_service_instance_impl.cc(262)] Network service crashed, restarting service.
[0507/174848.462:ERROR:network_service_instance_impl.cc(262)] Network service crashed, restarting service.
[0507/174848.535:ERROR:network_service_instance_impl.cc(262)] Network service crashed, restarting service.
[0507/174848.614:ERROR:network_service_instance_impl.cc(262)] Network service crashed, restarting service.
[0507/174848.676:ERROR:network_service_instance_impl.cc(262)] Network service crashed, restarting service.
[0507/174848.754:ERROR:network_service_instance_impl.cc(262)] Network service crashed, restarting service.
[0507/174848.833:ERROR:network_service_instance_impl.cc(262)] Network service crashed, restarting service.
[0507/174848.911:ERROR:network_service_instance_impl.cc(262)] Network service crashed, restarting service.
[0507/174849.005:ERROR:network_service_instance_impl.cc(262)] Network service crashed, restarting service.
[0507/174849.086:ERROR:network_service_instance_impl.cc(262)] Network service crashed, restarting service.
[0507/174849.177:ERROR:network_service_instance_impl.cc(262)] Network service crashed, restarting service.
[0507/174849.261:ERROR:network_service_instance_impl.cc(262)] Network service crashed, restarting service.
[0507/174849.333:ERROR:network_service_instance_impl.cc(262)] Network service crashed, restarting service.
[0507/174849.411:ERROR:network_service_instance_impl.cc(262)] Network service crashed, restarting service.
[0507/174849.489:ERROR:network_service_instance_impl.cc(262)] Network service crashed, restarting service.
[0507/174849.583:ERROR:network_service_instance_impl.cc(262)] Network service crashed, restarting service.
[0507/174849.677:ERROR:network_service_instance_impl.cc(262)] Network service crashed, restarting service.
[0507/174849.755:ERROR:network_service_instance_impl.cc(262)] Network service crashed, restarting service.
[0507/174849.833:ERROR:network_service_instance_impl.cc(262)] Network service crashed, restarting service.
[0507/174849.927:ERROR:network_service_instance_impl.cc(262)] Network service crashed, restarting service.
[0507/174850.005:ERROR:network_service_instance_impl.cc(262)] Network service crashed, restarting service.
[0507/174850.083:ERROR:network_service_instance_impl.cc(262)] Network service crashed, restarting service.
[0507/174850.182:ERROR:network_service_instance_impl.cc(262)] Network service crashed, restarting service.
[0507/174850.271:ERROR:network_service_instance_impl.cc(262)] Network service crashed, restarting service.
[0507/174850.349:ERROR:network_service_instance_impl.cc(262)] Network service crashed, restarting service.
[0507/174850.427:ERROR:network_service_instance_impl.cc(262)] Network service crashed, restarting service.
[0507/174850.505:ERROR:network_service_instance_impl.cc(262)] Network service crashed, restarting service.
[0507/174850.584:ERROR:network_service_instance_impl.cc(262)] Network service crashed, restarting service.
[0507/174850.662:ERROR:network_service_instance_impl.cc(262)] Network service crashed, restarting service.
[0507/174850.740:ERROR:network_service_instance_impl.cc(262)] Network service crashed, restarting service.
[0507/174850.818:ERROR:network_service_instance_impl.cc(262)] Network service crashed, restarting service.
[0507/174850.897:ERROR:network_service_instance_impl.cc(262)] Network service crashed, restarting service.
[0507/174850.975:ERROR:network_service_instance_impl.cc(262)] Network service crashed, restarting service.
[0507/174851.037:ERROR:network_service_instance_impl.cc(262)] Network service crashed, restarting service.
[0507/174851.126:ERROR:network_service_instance_impl.cc(262)] Network service crashed, restarting service.
[0507/174851.194:ERROR:network_service_instance_impl.cc(262)] Network service crashed, restarting service.
[0507/174851.272:ERROR:network_service_instance_impl.cc(262)] Network service crashed, restarting service.
[0507/174851.366:ERROR:network_service_instance_impl.cc(262)] Network service crashed, restarting service.
[0507/174851.445:ERROR:network_service_instance_impl.cc(262)] Network service crashed, restarting service.
[0507/174851.523:ERROR:network_service_instance_impl.cc(262)] Network service crashed, restarting service.
[0507/174851.601:ERROR:network_service_instance_impl.cc(262)] Network service crashed, restarting service.
[0507/174851.679:ERROR:network_service_instance_impl.cc(262)] Network service crashed, restarting service.
[0507/174851.742:ERROR:network_service_instance_impl.cc(262)] Network service crashed, restarting service.
[0507/174851.820:ERROR:network_service_instance_impl.cc(262)] Network service crashed, restarting service.
[0507/174851.899:ERROR:network_service_instance_impl.cc(262)] Network service crashed, restarting service.
[0507/174851.977:ERROR:network_service_instance_impl.cc(262)] Network service crashed, restarting service.
[0507/174852.039:ERROR:network_service_instance_impl.cc(262)] Network service crashed, restarting service.
[0507/174852.119:ERROR:network_service_instance_impl.cc(262)] Network service crashed, restarting service.
[0507/174852.196:ERROR:network_service_instance_impl.cc(262)] Network service crashed, restarting service.
[0507/174852.274:ERROR:network_service_instance_impl.cc(262)] Network service crashed, restarting service.
[0507/174852.352:ERROR:network_service_instance_impl.cc(262)] Network service crashed, restarting service.
[0507/174852.430:ERROR:network_service_instance_impl.cc(262)] Network service crashed, restarting service.
[0507/174852.508:ERROR:network_service_instance_impl.cc(262)] Network service crashed, restarting service.
[0507/174852.602:ERROR:network_service_instance_impl.cc(262)] Network service crashed, restarting service.
[0507/174852.680:ERROR:network_service_instance_impl.cc(262)] Network service crashed, restarting service.
[0507/174852.758:ERROR:network_service_instance_impl.cc(262)] Network service crashed, restarting service.
[0507/174852.836:ERROR:network_service_instance_impl.cc(262)] Network service crashed, restarting service.
[0507/174852.915:ERROR:network_service_instance_impl.cc(262)] Network service crashed, restarting service.
[0507/174853.000:ERROR:network_service_instance_impl.cc(262)] Network service crashed, restarting service.
[0507/174853.071:ERROR:network_service_instance_impl.cc(262)] Network service crashed, restarting service.
[0507/174853.159:ERROR:network_service_instance_impl.cc(262)] Network service crashed, restarting service.
[0507/174853.228:ERROR:network_service_instance_impl.cc(262)] Network service crashed, restarting service.
[0507/174853.306:ERROR:network_service_instance_impl.cc(262)] Network service crashed, restarting service.
[0507/174853.384:ERROR:network_service_instance_impl.cc(262)] Network service crashed, restarting service.
[0507/174853.475:ERROR:network_service_instance_impl.cc(262)] Network service crashed, restarting service.
[0507/174853.541:ERROR:network_service_instance_impl.cc(262)] Network service crashed, restarting service.
[0507/174853.619:ERROR:network_service_instance_impl.cc(262)] Network service crashed, restarting service.
[0507/174853.697:ERROR:network_service_instance_impl.cc(262)] Network service crashed, restarting service.
[0507/174853.791:ERROR:network_service_instance_impl.cc(262)] Network service crashed, restarting service.
[0507/174853.869:ERROR:network_service_instance_impl.cc(262)] Network service crashed, restarting service.
[0507/174853.947:ERROR:network_service_instance_impl.cc(262)] Network service crashed, restarting service.
[0507/174854.026:ERROR:network_service_instance_impl.cc(262)] Network service crashed, restarting service.
[0507/174854.104:ERROR:network_service_instance_impl.cc(262)] Network service crashed, restarting service.
[0507/174854.198:ERROR:network_service_instance_impl.cc(262)] Network service crashed, restarting service.
[0507/174854.276:ERROR:network_service_instance_impl.cc(262)] Network service crashed, restarting service.
[0507/174854.354:ERROR:network_service_instance_impl.cc(262)] Network service crashed, restarting service.
[0507/174854.432:ERROR:network_service_instance_impl.cc(262)] Network service crashed, restarting service.
[0507/174854.510:ERROR:network_service_instance_impl.cc(262)] Network service crashed, restarting service.
[0507/174854.588:ERROR:network_service_instance_impl.cc(262)] Network service crashed, restarting service.
[0507/174854.666:ERROR:network_service_instance_impl.cc(262)] Network service crashed, restarting service.
[0507/174854.745:ERROR:network_service_instance_impl.cc(262)] Network service crashed, restarting service.
[0507/174854.823:ERROR:network_service_instance_impl.cc(262)] Network service crashed, restarting service.
[0507/174854.917:ERROR:network_service_instance_impl.cc(262)] Network service crashed, restarting service.
[0507/174855.027:ERROR:network_service_instance_impl.cc(262)] Network service crashed, restarting service.
[0507/174855.121:ERROR:network_service_instance_impl.cc(262)] Network service crashed, restarting service.
[0507/174855.199:ERROR:network_service_instance_impl.cc(262)] Network service crashed, restarting service.
[0507/174855.277:ERROR:network_service_instance_impl.cc(262)] Network service crashed, restarting service.
[0507/174855.355:ERROR:network_service_instance_impl.cc(262)] Network service crashed, restarting service.
[0507/174855.449:ERROR:network_service_instance_impl.cc(262)] Network service crashed, restarting service.
[0507/174855.527:ERROR:network_service_instance_impl.cc(262)] Network service crashed, restarting service.
[0507/174855.606:ERROR:network_service_instance_impl.cc(262)] Network service crashed, restarting service.
[0507/174855.668:ERROR:network_service_instance_impl.cc(262)] Network service crashed, restarting service.
[0507/174855.746:ERROR:network_service_instance_impl.cc(262)] Network service crashed, restarting service.
[0507/174855.825:ERROR:network_service_instance_impl.cc(262)] Network service crashed, restarting service.
[0507/174855.903:ERROR:network_service_instance_impl.cc(262)] Network service crashed, restarting service.
[0507/174855.981:ERROR:network_service_instance_impl.cc(262)] Network service crashed, restarting service.
[0507/174856.059:ERROR:network_service_instance_impl.cc(262)] Network service crashed, restarting service.
[0507/174856.137:ERROR:network_service_instance_impl.cc(262)] Network service crashed, restarting service.
[0507/174856.232:ERROR:network_service_instance_impl.cc(262)] Network service crashed, restarting service.
[0507/174856.310:ERROR:network_service_instance_impl.cc(262)] Network service crashed, restarting service.
[0507/174856.404:ERROR:network_service_instance_impl.cc(262)] Network service crashed, restarting service.
[0507/174856.482:ERROR:network_service_instance_impl.cc(262)] Network service crashed, restarting service.
[0507/174856.560:ERROR:network_service_instance_impl.cc(262)] Network service crashed, restarting service.
[0507/174856.638:ERROR:network_service_instance_impl.cc(262)] Network service crashed, restarting service.
[0507/174856.732:ERROR:network_service_instance_impl.cc(262)] Network service crashed, restarting service.
[0507/174856.813:ERROR:network_service_instance_impl.cc(262)] Network service crashed, restarting service.
[0507/174856.889:ERROR:network_service_instance_impl.cc(262)] Network service crashed, restarting service.
[0507/174856.967:ERROR:network_service_instance_impl.cc(262)] Network service crashed, restarting service.
[0507/174857.029:ERROR:network_service_instance_impl.cc(262)] Network service crashed, restarting service.
[0507/174857.107:ERROR:network_service_instance_impl.cc(262)] Network service crashed, restarting service.
[0507/174857.201:ERROR:network_service_instance_impl.cc(262)] Network service crashed, restarting service.
[0507/174857.283:ERROR:network_service_instance_impl.cc(262)] Network service crashed, restarting service.
